c:\users\16033\desktop\指静脉\fingervein sdk for windows\c++\sample\fvdemo2\fvdemo2\debug\fvdemo2.pch
c:\users\16033\desktop\指静脉\fingervein sdk for windows\c++\sample\fvdemo2\fvdemo2\debug\vc143.pdb
c:\users\16033\desktop\指静脉\fingervein sdk for windows\c++\sample\fvdemo2\fvdemo2\debug\vc143.idb
c:\users\16033\desktop\指静脉\fingervein sdk for windows\c++\sample\fvdemo2\fvdemo2\debug\stdafx.obj
c:\users\16033\desktop\指静脉\fingervein sdk for windows\c++\sample\fvdemo2\fvdemo2\debug\common.obj
c:\users\16033\desktop\指静脉\fingervein sdk for windows\c++\sample\fvdemo2\fvdemo2\debug\maindlg.obj
c:\users\16033\desktop\指静脉\fingervein sdk for windows\c++\sample\fvdemo2\fvdemo2\debug\skinbutton.obj
c:\users\16033\desktop\指静脉\fingervein sdk for windows\c++\sample\fvdemo2\fvdemo2\debug\fvdemo.obj
c:\users\16033\desktop\指静脉\fingervein sdk for windows\c++\sample\fvdemo2\fvdemo2\debug\fvdemo2.ilk
c:\users\16033\desktop\指静脉\fingervein sdk for windows\c++\sample\debug\fvdemo2.exe
c:\users\16033\desktop\指静脉\fingervein sdk for windows\c++\sample\debug\x86\fvdemo2.pdb
c:\users\16033\desktop\指静脉\fingervein sdk for windows\c++\sample\fvdemo2\fvdemo2\debug\fvdemo.res
c:\users\16033\desktop\指静脉\fingervein sdk for windows\c++\sample\fvdemo2\fvdemo2\debug\fvdemo2.tlog\cl.command.1.tlog
c:\users\16033\desktop\指静脉\fingervein sdk for windows\c++\sample\fvdemo2\fvdemo2\debug\fvdemo2.tlog\cl.items.tlog
c:\users\16033\desktop\指静脉\fingervein sdk for windows\c++\sample\fvdemo2\fvdemo2\debug\fvdemo2.tlog\cl.read.1.tlog
c:\users\16033\desktop\指静脉\fingervein sdk for windows\c++\sample\fvdemo2\fvdemo2\debug\fvdemo2.tlog\cl.write.1.tlog
c:\users\16033\desktop\指静脉\fingervein sdk for windows\c++\sample\fvdemo2\fvdemo2\debug\fvdemo2.tlog\link.command.1.tlog
c:\users\16033\desktop\指静脉\fingervein sdk for windows\c++\sample\fvdemo2\fvdemo2\debug\fvdemo2.tlog\link.read.1.tlog
c:\users\16033\desktop\指静脉\fingervein sdk for windows\c++\sample\fvdemo2\fvdemo2\debug\fvdemo2.tlog\link.write.1.tlog
c:\users\16033\desktop\指静脉\fingervein sdk for windows\c++\sample\fvdemo2\fvdemo2\debug\fvdemo2.tlog\rc.command.1.tlog
c:\users\16033\desktop\指静脉\fingervein sdk for windows\c++\sample\fvdemo2\fvdemo2\debug\fvdemo2.tlog\rc.read.1.tlog
c:\users\16033\desktop\指静脉\fingervein sdk for windows\c++\sample\fvdemo2\fvdemo2\debug\fvdemo2.tlog\rc.write.1.tlog
